<?xml version="1.0" encoding="UTF-8"?>
<!-- Generated by org.testng.reporters.JUnitXMLReporter -->
<testsuite hostname="DESKTOP-N3LRL61" ignored="0" name="Default test" tests="7" failures="0" timestamp="2023-08-27T08:40:28 IST" time="16.205" errors="0">
  <testcase name="testCreateUser" time="5.425" classname="api.tests.UserTests"/>
  <testcase name="testgetUser" time="1.678" classname="api.tests.UserTests"/>
  <testcase name="testupdateUser" time="1.752" classname="api.tests.UserTests"/>
  <testcase name="testDeleteUser" time="1.702" classname="api.tests.UserTests"/>
  <testcase name="storeUserpostTest" time="1.741" classname="api.tests.UserTests"/>
  <testcase name="storeUsergetTest" time="1.45" classname="api.tests.UserTests"/>
  <testcase name="storeUserdeleteTest" time="1.429" classname="api.tests.UserTests"/>
</testsuite> <!-- Default test -->
