<?xml version="1.0" encoding="UTF-8"?>
<testsuite xmlns:xsi="http://www.w3.org/2001/XMLSchema-instance" xsi:noNamespaceSchemaLocation="https://maven.apache.org/surefire/maven-surefire-plugin/xsd/surefire-test-report-3.0.xsd" version="3.0" name="TestSuite" time="10.654" tests="4" errors="0" skipped="0" failures="0">
  <properties>
[...]
</properties>
  <testcase name="testCreateUser" classname="api.tests.UserTests2" time="3.811">
    <system-out><![CDATA[HTTP/1.1 200 OK
Date: Thu, 24 Aug 2023 04:40:15 GMT
Content-Type: application/json
Transfer-Encoding: chunked
Connection: keep-alive
Access-Control-Allow-Origin: *
Access-Control-Allow-Methods: GET, POST, DELETE, PUT
Access-Control-Allow-Headers: Content-Type, api_key, Authorization
Server: Jetty(9.2.9.v20150224)

{
    "code": 200,
    "type": "unknown",
    "message": "2035381640"
}
]]></system-out>
  </testcase>
  <testcase name="testgetUser" classname="api.tests.UserTests2" time="1.437">
    <system-out><![CDATA[HTTP/1.1 200 OK
Date: Thu, 24 Aug 2023 04:40:16 GMT
Content-Type: application/json
Transfer-Encoding: chunked
Connection: keep-alive
Access-Control-Allow-Origin: *
Access-Control-Allow-Methods: GET, POST, DELETE, PUT
Access-Control-Allow-Headers: Content-Type, api_key, Authorization
Server: Jetty(9.2.9.v20150224)

{
    "id": 2035381640,
    "username": "wesley.pacocha",
    "firstName": "Dante",
    "lastName": "Rohan",
    "email": "lupe.wintheiser@example.com",
    "password": "uy7qawyx2",
    "phone": "(207) 741-2601",
    "userStatus": 0
}
]]></system-out>
  </testcase>
  <testcase name="testupdateUser" classname="api.tests.UserTests2" time="1.407">
    <system-out><![CDATA[After Update User Data
HTTP/1.1 200 OK
Date: Thu, 24 Aug 2023 04:40:18 GMT
Content-Type: application/json
Transfer-Encoding: chunked
Connection: keep-alive
Access-Control-Allow-Origin: *
Access-Control-Allow-Methods: GET, POST, DELETE, PUT
Access-Control-Allow-Headers: Content-Type, api_key, Authorization
Server: Jetty(9.2.9.v20150224)

{
    "code": 200,
    "type": "unknown",
    "message": "2035381640"
}
]]></system-out>
  </testcase>
  <testcase name="testDeleteUser" classname="api.tests.UserTests2" time="1.389">
    <system-out><![CDATA[HTTP/1.1 200 OK
Date: Thu, 24 Aug 2023 04:40:19 GMT
Content-Type: application/json
Transfer-Encoding: chunked
Connection: keep-alive
Access-Control-Allow-Origin: *
Access-Control-Allow-Methods: GET, POST, DELETE, PUT
Access-Control-Allow-Headers: Content-Type, api_key, Authorization
Server: Jetty(9.2.9.v20150224)

{
    "code": 200,
    "type": "unknown",
    "message": "wesley.pacocha"
}
]]></system-out>
  </testcase>
</testsuite>