<?xml version="1.0" encoding="UTF-8"?>
<testng-results ignored="0" total="4" passed="4" failed="0" skipped="0">
  <reporter-output>
  </reporter-output>
  <suite started-at="2023-08-24T10:10:10 IST" name="PetSuite" finished-at="2023-08-24T10:10:19 IST" duration-ms="9466">
    <groups>
    </groups>
    <test started-at="2023-08-24T10:10:10 IST" name="PetTest" finished-at="2023-08-24T10:10:19 IST" duration-ms="9466">
      <class name="api.tests.UserTests2">
        <test-method is-config="true" signature="generateTestData()[pri:0, instance:api.tests.UserTests2@3059cbc]" started-at="2023-08-24T10:10:10 IST" name="generateTestData" finished-at="2023-08-24T10:10:11 IST" duration-ms="1031" status="PASS">
          <reporter-output>
          </reporter-output>
        </test-method> <!-- generateTestData -->
        <test-method signature="testCreateUser()[pri:1, instance:api.tests.UserTests2@3059cbc]" started-at="2023-08-24T10:10:11 IST" name="testCreateUser" finished-at="2023-08-24T10:10:15 IST" duration-ms="3796" status="PASS">
          <reporter-output>
          </reporter-output>
        </test-method> <!-- testCreateUser -->
        <test-method signature="testgetUser()[pri:2, instance:api.tests.UserTests2@3059cbc]" started-at="2023-08-24T10:10:15 IST" name="testgetUser" finished-at="2023-08-24T10:10:16 IST" duration-ms="1422" status="PASS">
          <reporter-output>
          </reporter-output>
        </test-method> <!-- testgetUser -->
        <test-method signature="testupdateUser()[pri:3, instance:api.tests.UserTests2@3059cbc]" started-at="2023-08-24T10:10:16 IST" name="testupdateUser" finished-at="2023-08-24T10:10:18 IST" duration-ms="1422" status="PASS">
          <reporter-output>
          </reporter-output>
        </test-method> <!-- testupdateUser -->
        <test-method signature="testDeleteUser()[pri:4, instance:api.tests.UserTests2@3059cbc]" started-at="2023-08-24T10:10:18 IST" name="testDeleteUser" finished-at="2023-08-24T10:10:19 IST" duration-ms="1389" status="PASS">
          <reporter-output>
          </reporter-output>
        </test-method> <!-- testDeleteUser -->
      </class> <!-- api.tests.UserTests2 -->
    </test> <!-- PetTest -->
  </suite> <!-- PetSuite -->
</testng-results>
