<?xml version="1.0" encoding="UTF-8"?>
<testng-results ignored="0" total="4" passed="4" failed="0" skipped="0">
  <reporter-output>
  </reporter-output>
  <suite started-at="2023-08-24T18:30:38 IST" name="PetSuite" finished-at="2023-08-24T18:30:52 IST" duration-ms="14484">
    <groups>
    </groups>
    <test started-at="2023-08-24T18:30:38 IST" name="PetTest" finished-at="2023-08-24T18:30:52 IST" duration-ms="14484">
      <class name="api.tests.UserTests2">
        <test-method is-config="true" signature="generateTestData()[pri:0, instance:api.tests.UserTests2@3059cbc]" started-at="2023-08-24T18:30:38 IST" name="generateTestData" finished-at="2023-08-24T18:30:40 IST" duration-ms="1469" status="PASS">
          <reporter-output>
          </reporter-output>
        </test-method> <!-- generateTestData -->
        <test-method signature="testCreateUser()[pri:1, instance:api.tests.UserTests2@3059cbc]" started-at="2023-08-24T18:30:40 IST" name="testCreateUser" finished-at="2023-08-24T18:30:47 IST" duration-ms="7264" status="PASS">
          <reporter-output>
          </reporter-output>
        </test-method> <!-- testCreateUser -->
        <test-method signature="testgetUser()[pri:2, instance:api.tests.UserTests2@3059cbc]" started-at="2023-08-24T18:30:47 IST" name="testgetUser" finished-at="2023-08-24T18:30:49 IST" duration-ms="1625" status="PASS">
          <reporter-output>
          </reporter-output>
        </test-method> <!-- testgetUser -->
        <test-method signature="testupdateUser()[pri:3, instance:api.tests.UserTests2@3059cbc]" started-at="2023-08-24T18:30:49 IST" name="testupdateUser" finished-at="2023-08-24T18:30:51 IST" duration-ms="1645" status="PASS">
          <reporter-output>
          </reporter-output>
        </test-method> <!-- testupdateUser -->
        <test-method signature="testDeleteUser()[pri:4, instance:api.tests.UserTests2@3059cbc]" started-at="2023-08-24T18:30:51 IST" name="testDeleteUser" finished-at="2023-08-24T18:30:52 IST" duration-ms="1827" status="PASS">
          <reporter-output>
          </reporter-output>
        </test-method> <!-- testDeleteUser -->
      </class> <!-- api.tests.UserTests2 -->
    </test> <!-- PetTest -->
  </suite> <!-- PetSuite -->
</testng-results>
