<?xml version="1.0" encoding="UTF-8"?>
<!-- Generated by org.testng.reporters.JUnitXMLReporter -->
<testsuite ignored="0" hostname="DESKTOP-N3LRL61" failures="0" tests="4" name="PetTest" time="13.953" errors="0" timestamp="2023-08-23T12:25:57 IST">
  <testcase classname="api.tests.UserTests2" name="testCreateUser" time="6.468"/>
  <testcase classname="api.tests.UserTests2" name="testgetUser" time="1.674"/>
  <testcase classname="api.tests.UserTests2" name="testupdateUser" time="1.621"/>
  <testcase classname="api.tests.UserTests2" name="testDeleteUser" time="1.635"/>
</testsuite> <!-- PetTest -->
