<?xml version="1.0" encoding="UTF-8"?>
<!-- Generated by org.testng.reporters.JUnitXMLReporter -->
<testsuite ignored="0" hostname="DESKTOP-N3LRL61" failures="0" tests="4" name="PetTest" time="14.484" errors="0" timestamp="2023-08-24T18:30:52 IST">
  <testcase classname="api.tests.UserTests2" name="testCreateUser" time="7.264"/>
  <testcase classname="api.tests.UserTests2" name="testgetUser" time="1.625"/>
  <testcase classname="api.tests.UserTests2" name="testupdateUser" time="1.645"/>
  <testcase classname="api.tests.UserTests2" name="testDeleteUser" time="1.827"/>
</testsuite> <!-- PetTest -->
