<?xml version="1.0" encoding="UTF-8"?>
<!-- Generated by org.testng.reporters.JUnitXMLReporter -->
<testsuite hostname="DESKTOP-N3LRL61" ignored="0" name="PetTest" tests="4" failures="0" timestamp="2023-08-23T09:28:51 IST" time="14.674" errors="0">
  <testcase name="testCreateUser" time="7.888" classname="api.tests.UserTests2"/>
  <testcase name="testgetUser" time="1.506" classname="api.tests.UserTests2"/>
  <testcase name="testupdateUser" time="1.48" classname="api.tests.UserTests2"/>
  <testcase name="testDeleteUser" time="1.504" classname="api.tests.UserTests2"/>
</testsuite> <!-- PetTest -->
